<?xml version="1.0" encoding="UTF-8"?>
<testng-results ignored="0" total="1" passed="1" failed="0" skipped="0">
  <reporter-output>
  </reporter-output>
  <suite started-at="2023-12-21T15:19:33 IST" name="Default suite" finished-at="2023-12-21T15:19:34 IST" duration-ms="1581">
    <groups>
    </groups>
    <test started-at="2023-12-21T15:19:33 IST" name="Default test" finished-at="2023-12-21T15:19:34 IST" duration-ms="1581">
      <class name="Testcases.Post_Request">
        <test-method signature="postrequest()[pri:0, instance:Testcases.Post_Request@4738a206]" started-at="2023-12-21T15:19:33 IST" name="postrequest" finished-at="2023-12-21T15:19:34 IST" duration-ms="1542" status="PASS">
          <reporter-output>
          </reporter-output>
        </test-method> <!-- postrequest -->
      </class> <!-- Testcases.Post_Request -->
    </test> <!-- Default test -->
  </suite> <!-- Default suite -->
</testng-results>
